<?xml version="1.0" encoding="UTF-8"?>
<!-- Generated by org.testng.reporters.JUnitReportReporter -->
<testsuite skipped="0" hostname="DESKTOP-AB7UVER" name="shoppingSite.testcasePackage.TC_Login_page" tests="2" failures="0" timestamp="19 Apr 2021 16:17:56 GMT" time="71.173" errors="0">
  <testcase name="loginPageTitle" time="16.868" classname="shoppingSite.testcasePackage.TC_Login_page"/>
  <testcase name="loginTest" time="54.305" classname="shoppingSite.testcasePackage.TC_Login_page"/>
</testsuite> <!-- shoppingSite.testcasePackage.TC_Login_page -->
