<?xml version="1.0" encoding="UTF-8"?>
<!-- Generated by org.testng.reporters.JUnitReportReporter -->
<testsuite skipped="0" hostname="DESKTOP-AB7UVER" name="shoppingSite.testcasePackage.TC_Login_page" tests="2" failures="0" timestamp="18 Apr 2021 09:50:46 GMT" time="7.299" errors="0">
  <testcase name="loginTest" time="7.220" classname="shoppingSite.testcasePackage.TC_Login_page"/>
  <testcase name="loginPageTitle" time="0.079" classname="shoppingSite.testcasePackage.TC_Login_page"/>
</testsuite> <!-- shoppingSite.testcasePackage.TC_Login_page -->
